#-----------------------------------------------------------
# Vivado v2018.2 (64-bit)
# SW Build 2258646 on Thu Jun 14 20:03:12 MDT 2018
# IP Build 2256618 on Thu Jun 14 22:10:49 MDT 2018
# Start of session at: Thu Feb 25 00:01:16 2021
# Process ID: 9208
# Current directory: E:/Lab 1 Project/lab1_damien
# Command line: vivado.exe E:\Lab 1 Project\lab1_damien\lab1_damien.xpr
# Log file: E:/Lab 1 Project/lab1_damien/vivado.log
# Journal file: E:/Lab 1 Project/lab1_damien\vivado.jou
#-----------------------------------------------------------
start_gui
open_project {E:/Lab 1 Project/lab1_damien/lab1_damien.xpr}
Scanning sources...
Finished scanning sources
INFO: [IP_Flow 19-234] Refreshing IP repositories
INFO: [IP_Flow 19-1704] No user IP repositories specified
INFO: [IP_Flow 19-2313] Loaded Vivado IP repository 'D:/Damien/Xilinx/Vivado/2018.2/data/ip'.
open_project: Time (s): cpu = 00:00:16 ; elapsed = 00:00:07 . Memory (MB): peak = 911.270 ; gain = 178.910
update_compile_order -fileset sources_1
exit
INFO: [Common 17-206] Exiting Vivado at Thu Feb 25 00:02:20 2021...
